<?xml version="1.0" encoding="UTF-8"?>
<!-- Generated by org.testng.reporters.JUnitReportReporter -->
<testsuite hostname="thecanbutler.local" name="org.config.maven.TestSuite" tests="1" failures="0" timestamp="10 Dec 2015 12:04:43 GMT" time="3.028" errors="0">
  <testcase name="runTest" time="3.028" classname="org.config.maven.TestSuite"/>
</testsuite> <!-- org.config.maven.TestSuite -->
